{"/home/manavpanchotiya/Desktop/lighthouselabs/scheduler/src/setupTests.js": {"path":"/home/manavpanchotiya/Desktop/lighthouselabs/scheduler/src/setupTests.js","statementMap":{},"fnMap":{},"branchMap":{},"s":{},"f":{},"b":{}}
,"/home/manavpanchotiya/Desktop/lighthouselabs/scheduler/src/helpers/selectors.js": {"path":"/home/manavpanchotiya/Desktop/lighthouselabs/scheduler/src/helpers/selectors.js","statementMap":{"0":{"start":{"line":2,"column":16},"end":{"line":2,"column":52}},"1":{"start":{"line":2,"column":37},"end":{"line":2,"column":51}},"2":{"start":{"line":4,"column":2},"end":{"line":4,"column":64}},"3":{"start":{"line":4,"column":54},"end":{"line":4,"column":64}},"4":{"start":{"line":6,"column":2},"end":{"line":6,"column":62}},"5":{"start":{"line":6,"column":38},"end":{"line":6,"column":60}},"6":{"start":{"line":10,"column":16},"end":{"line":10,"column":52}},"7":{"start":{"line":10,"column":37},"end":{"line":10,"column":51}},"8":{"start":{"line":12,"column":2},"end":{"line":12,"column":64}},"9":{"start":{"line":12,"column":54},"end":{"line":12,"column":64}},"10":{"start":{"line":14,"column":2},"end":{"line":14,"column":62}},"11":{"start":{"line":14,"column":38},"end":{"line":14,"column":60}},"12":{"start":{"line":18,"column":2},"end":{"line":23,"column":4}}},"fnMap":{"0":{"name":"getAppointmentsForDay","decl":{"start":{"line":1,"column":16},"end":{"line":1,"column":37}},"loc":{"start":{"line":1,"column":50},"end":{"line":7,"column":1}},"line":1},"1":{"name":"(anonymous_1)","decl":{"start":{"line":2,"column":32},"end":{"line":2,"column":33}},"loc":{"start":{"line":2,"column":37},"end":{"line":2,"column":51}},"line":2},"2":{"name":"(anonymous_2)","decl":{"start":{"line":6,"column":32},"end":{"line":6,"column":33}},"loc":{"start":{"line":6,"column":38},"end":{"line":6,"column":60}},"line":6},"3":{"name":"getInterviewersForDay","decl":{"start":{"line":9,"column":16},"end":{"line":9,"column":37}},"loc":{"start":{"line":9,"column":50},"end":{"line":15,"column":1}},"line":9},"4":{"name":"(anonymous_4)","decl":{"start":{"line":10,"column":32},"end":{"line":10,"column":33}},"loc":{"start":{"line":10,"column":37},"end":{"line":10,"column":51}},"line":10},"5":{"name":"(anonymous_5)","decl":{"start":{"line":14,"column":32},"end":{"line":14,"column":33}},"loc":{"start":{"line":14,"column":38},"end":{"line":14,"column":60}},"line":14},"6":{"name":"getInterview","decl":{"start":{"line":17,"column":16},"end":{"line":17,"column":28}},"loc":{"start":{"line":17,"column":47},"end":{"line":24,"column":1}},"line":17}},"branchMap":{"0":{"loc":{"start":{"line":4,"column":2},"end":{"line":4,"column":64}},"type":"if","locations":[{"start":{"line":4,"column":2},"end":{"line":4,"column":64}},{"start":{},"end":{}}],"line":4},"1":{"loc":{"start":{"line":4,"column":6},"end":{"line":4,"column":52}},"type":"binary-expr","locations":[{"start":{"line":4,"column":6},"end":{"line":4,"column":29}},{"start":{"line":4,"column":33},"end":{"line":4,"column":52}}],"line":4},"2":{"loc":{"start":{"line":12,"column":2},"end":{"line":12,"column":64}},"type":"if","locations":[{"start":{"line":12,"column":2},"end":{"line":12,"column":64}},{"start":{},"end":{}}],"line":12},"3":{"loc":{"start":{"line":12,"column":6},"end":{"line":12,"column":52}},"type":"binary-expr","locations":[{"start":{"line":12,"column":6},"end":{"line":12,"column":29}},{"start":{"line":12,"column":33},"end":{"line":12,"column":52}}],"line":12},"4":{"loc":{"start":{"line":19,"column":4},"end":{"line":22,"column":5}},"type":"binary-expr","locations":[{"start":{"line":19,"column":4},"end":{"line":19,"column":13}},{"start":{"line":19,"column":17},"end":{"line":22,"column":5}}],"line":19}},"s":{"0":17,"1":15,"2":17,"3":6,"4":11,"5":24,"6":17,"7":15,"8":17,"9":6,"10":11,"11":22,"12":18},"f":{"0":17,"1":15,"2":24,"3":17,"4":15,"5":22,"6":18},"b":{"0":[6,11],"1":[17,12],"2":[6,11],"3":[17,12],"4":[18,9]},"_coverageSchema":"1a1c01bbd47fc00a2c39e90264f33305004495a9","hash":"906875baeddbfe916ebe209c83258f261d36e1dd"}
,"/home/manavpanchotiya/Desktop/lighthouselabs/scheduler/src/hooks/useApplicationData.js": {"path":"/home/manavpanchotiya/Desktop/lighthouselabs/scheduler/src/hooks/useApplicationData.js","statementMap":{"0":{"start":{"line":12,"column":28},"end":{"line":17,"column":4}},"1":{"start":{"line":19,"column":17},"end":{"line":19,"column":56}},"2":{"start":{"line":19,"column":24},"end":{"line":19,"column":56}},"3":{"start":{"line":21,"column":2},"end":{"line":35,"column":9}},"4":{"start":{"line":22,"column":4},"end":{"line":34,"column":6}},"5":{"start":{"line":28,"column":8},"end":{"line":33,"column":10}},"6":{"start":{"line":38,"column":4},"end":{"line":44,"column":7}},"7":{"start":{"line":39,"column":6},"end":{"line":43,"column":9}},"8":{"start":{"line":48,"column":4},"end":{"line":54,"column":7}},"9":{"start":{"line":49,"column":6},"end":{"line":53,"column":9}},"10":{"start":{"line":57,"column":2},"end":{"line":62,"column":4}}},"fnMap":{"0":{"name":"useApplicationData","decl":{"start":{"line":11,"column":24},"end":{"line":11,"column":42}},"loc":{"start":{"line":11,"column":45},"end":{"line":63,"column":1}},"line":11},"1":{"name":"(anonymous_1)","decl":{"start":{"line":19,"column":17},"end":{"line":19,"column":18}},"loc":{"start":{"line":19,"column":24},"end":{"line":19,"column":56}},"line":19},"2":{"name":"(anonymous_2)","decl":{"start":{"line":21,"column":12},"end":{"line":21,"column":13}},"loc":{"start":{"line":21,"column":18},"end":{"line":35,"column":3}},"line":21},"3":{"name":"(anonymous_3)","decl":{"start":{"line":27,"column":6},"end":{"line":27,"column":7}},"loc":{"start":{"line":28,"column":8},"end":{"line":33,"column":10}},"line":28},"4":{"name":"bookInterview","decl":{"start":{"line":37,"column":11},"end":{"line":37,"column":24}},"loc":{"start":{"line":37,"column":40},"end":{"line":45,"column":3}},"line":37},"5":{"name":"(anonymous_5)","decl":{"start":{"line":38,"column":68},"end":{"line":38,"column":69}},"loc":{"start":{"line":38,"column":74},"end":{"line":44,"column":5}},"line":38},"6":{"name":"cancelInterview","decl":{"start":{"line":47,"column":11},"end":{"line":47,"column":26}},"loc":{"start":{"line":47,"column":31},"end":{"line":55,"column":3}},"line":47},"7":{"name":"(anonymous_7)","decl":{"start":{"line":48,"column":56},"end":{"line":48,"column":57}},"loc":{"start":{"line":48,"column":62},"end":{"line":54,"column":5}},"line":48}},"branchMap":{},"s":{"0":13,"1":12,"2":1,"3":12,"4":4,"5":4,"6":2,"7":2,"8":1,"9":1,"10":12},"f":{"0":13,"1":1,"2":4,"3":4,"4":2,"5":2,"6":1,"7":1},"b":{},"_coverageSchema":"1a1c01bbd47fc00a2c39e90264f33305004495a9","hash":"473984e577ef983a67037f51eb9732f650e2f8ec"}
,"/home/manavpanchotiya/Desktop/lighthouselabs/scheduler/src/hooks/useRealtimeUpdate.js": {"path":"/home/manavpanchotiya/Desktop/lighthouselabs/scheduler/src/hooks/useRealtimeUpdate.js","statementMap":{"0":{"start":{"line":5,"column":2},"end":{"line":19,"column":17}},"1":{"start":{"line":6,"column":19},"end":{"line":6,"column":78}},"2":{"start":{"line":8,"column":4},"end":{"line":14,"column":6}},"3":{"start":{"line":9,"column":19},"end":{"line":9,"column":41}},"4":{"start":{"line":11,"column":6},"end":{"line":13,"column":7}},"5":{"start":{"line":12,"column":8},"end":{"line":12,"column":23}},"6":{"start":{"line":16,"column":4},"end":{"line":18,"column":6}},"7":{"start":{"line":17,"column":6},"end":{"line":17,"column":21}}},"fnMap":{"0":{"name":"useRealtimeUpdate","decl":{"start":{"line":4,"column":24},"end":{"line":4,"column":41}},"loc":{"start":{"line":4,"column":52},"end":{"line":20,"column":1}},"line":4},"1":{"name":"(anonymous_1)","decl":{"start":{"line":5,"column":12},"end":{"line":5,"column":13}},"loc":{"start":{"line":5,"column":18},"end":{"line":19,"column":3}},"line":5},"2":{"name":"(anonymous_2)","decl":{"start":{"line":8,"column":23},"end":{"line":8,"column":24}},"loc":{"start":{"line":8,"column":32},"end":{"line":14,"column":5}},"line":8},"3":{"name":"(anonymous_3)","decl":{"start":{"line":16,"column":11},"end":{"line":16,"column":12}},"loc":{"start":{"line":16,"column":17},"end":{"line":18,"column":5}},"line":16}},"branchMap":{"0":{"loc":{"start":{"line":11,"column":6},"end":{"line":13,"column":7}},"type":"if","locations":[{"start":{"line":11,"column":6},"end":{"line":13,"column":7}},{"start":{},"end":{}}],"line":11},"1":{"loc":{"start":{"line":11,"column":10},"end":{"line":11,"column":65}},"type":"binary-expr","locations":[{"start":{"line":11,"column":10},"end":{"line":11,"column":34}},{"start":{"line":11,"column":38},"end":{"line":11,"column":65}}],"line":11}},"s":{"0":0,"1":0,"2":0,"3":0,"4":0,"5":0,"6":0,"7":0},"f":{"0":0,"1":0,"2":0,"3":0},"b":{"0":[0,0],"1":[0,0]}}
,"/home/manavpanchotiya/Desktop/lighthouselabs/scheduler/src/hooks/useVisualMode.js": {"path":"/home/manavpanchotiya/Desktop/lighthouselabs/scheduler/src/hooks/useVisualMode.js","statementMap":{"0":{"start":{"line":4,"column":26},"end":{"line":4,"column":43}},"1":{"start":{"line":5,"column":32},"end":{"line":5,"column":51}},"2":{"start":{"line":8,"column":4},"end":{"line":8,"column":20}},"3":{"start":{"line":9,"column":4},"end":{"line":16,"column":7}},"4":{"start":{"line":10,"column":6},"end":{"line":15,"column":7}},"5":{"start":{"line":11,"column":8},"end":{"line":11,"column":46}},"6":{"start":{"line":14,"column":8},"end":{"line":14,"column":34}},"7":{"start":{"line":20,"column":4},"end":{"line":25,"column":7}},"8":{"start":{"line":21,"column":6},"end":{"line":23,"column":7}},"9":{"start":{"line":22,"column":8},"end":{"line":22,"column":46}},"10":{"start":{"line":24,"column":6},"end":{"line":24,"column":18}},"11":{"start":{"line":28,"column":2},"end":{"line":28,"column":64}}},"fnMap":{"0":{"name":"useVisualMode","decl":{"start":{"line":3,"column":24},"end":{"line":3,"column":37}},"loc":{"start":{"line":3,"column":46},"end":{"line":29,"column":1}},"line":3},"1":{"name":"transition","decl":{"start":{"line":7,"column":11},"end":{"line":7,"column":21}},"loc":{"start":{"line":7,"column":40},"end":{"line":17,"column":3}},"line":7},"2":{"name":"(anonymous_2)","decl":{"start":{"line":9,"column":15},"end":{"line":9,"column":16}},"loc":{"start":{"line":9,"column":22},"end":{"line":16,"column":5}},"line":9},"3":{"name":"back","decl":{"start":{"line":19,"column":11},"end":{"line":19,"column":15}},"loc":{"start":{"line":19,"column":18},"end":{"line":26,"column":3}},"line":19},"4":{"name":"(anonymous_4)","decl":{"start":{"line":20,"column":15},"end":{"line":20,"column":16}},"loc":{"start":{"line":20,"column":23},"end":{"line":25,"column":5}},"line":20}},"branchMap":{"0":{"loc":{"start":{"line":10,"column":6},"end":{"line":15,"column":7}},"type":"if","locations":[{"start":{"line":10,"column":6},"end":{"line":15,"column":7}},{"start":{"line":13,"column":11},"end":{"line":15,"column":7}}],"line":10},"1":{"loc":{"start":{"line":21,"column":6},"end":{"line":23,"column":7}},"type":"if","locations":[{"start":{"line":21,"column":6},"end":{"line":23,"column":7}},{"start":{},"end":{}}],"line":21}},"s":{"0":40,"1":40,"2":11,"3":11,"4":11,"5":2,"6":9,"7":2,"8":2,"9":1,"10":1,"11":40},"f":{"0":40,"1":11,"2":11,"3":2,"4":2},"b":{"0":[2,9],"1":[1,1]},"_coverageSchema":"1a1c01bbd47fc00a2c39e90264f33305004495a9","hash":"4b5da7d0ce588c8f7208899ed13143c1c7be1981"}
,"/home/manavpanchotiya/Desktop/lighthouselabs/scheduler/src/reducers/application.js": {"path":"/home/manavpanchotiya/Desktop/lighthouselabs/scheduler/src/reducers/application.js","statementMap":{"0":{"start":{"line":1,"column":23},"end":{"line":1,"column":32}},"1":{"start":{"line":2,"column":36},"end":{"line":2,"column":58}},"2":{"start":{"line":3,"column":29},"end":{"line":3,"column":44}},"3":{"start":{"line":6,"column":2},"end":{"line":53,"column":3}},"4":{"start":{"line":8,"column":6},"end":{"line":8,"column":43}},"5":{"start":{"line":10,"column":6},"end":{"line":15,"column":8}},"6":{"start":{"line":17,"column":26},"end":{"line":20,"column":7}},"7":{"start":{"line":22,"column":27},"end":{"line":25,"column":7}},"8":{"start":{"line":27,"column":29},"end":{"line":32,"column":9}},"9":{"start":{"line":28,"column":8},"end":{"line":32,"column":9}},"10":{"start":{"line":30,"column":26},"end":{"line":30,"column":72}},"11":{"start":{"line":34,"column":19},"end":{"line":41,"column":8}},"12":{"start":{"line":35,"column":8},"end":{"line":40,"column":16}},"13":{"start":{"line":43,"column":6},"end":{"line":47,"column":8}},"14":{"start":{"line":50,"column":6},"end":{"line":52,"column":8}}},"fnMap":{"0":{"name":"reducer","decl":{"start":{"line":5,"column":24},"end":{"line":5,"column":31}},"loc":{"start":{"line":5,"column":47},"end":{"line":54,"column":1}},"line":5},"1":{"name":"(anonymous_1)","decl":{"start":{"line":27,"column":29},"end":{"line":27,"column":30}},"loc":{"start":{"line":28,"column":8},"end":{"line":32,"column":9}},"line":28},"2":{"name":"(anonymous_2)","decl":{"start":{"line":30,"column":10},"end":{"line":30,"column":11}},"loc":{"start":{"line":30,"column":26},"end":{"line":30,"column":72}},"line":30},"3":{"name":"(anonymous_3)","decl":{"start":{"line":34,"column":34},"end":{"line":34,"column":35}},"loc":{"start":{"line":34,"column":41},"end":{"line":41,"column":7}},"line":34}},"branchMap":{"0":{"loc":{"start":{"line":6,"column":2},"end":{"line":53,"column":3}},"type":"switch","locations":[{"start":{"line":7,"column":4},"end":{"line":8,"column":43}},{"start":{"line":9,"column":4},"end":{"line":15,"column":8}},{"start":{"line":16,"column":4},"end":{"line":48,"column":5}},{"start":{"line":49,"column":4},"end":{"line":52,"column":8}}],"line":6},"1":{"loc":{"start":{"line":19,"column":19},"end":{"line":19,"column":62}},"type":"binary-expr","locations":[{"start":{"line":19,"column":19},"end":{"line":19,"column":35}},{"start":{"line":19,"column":39},"end":{"line":19,"column":62}}],"line":19},"2":{"loc":{"start":{"line":30,"column":26},"end":{"line":30,"column":72}},"type":"cond-expr","locations":[{"start":{"line":30,"column":55},"end":{"line":30,"column":64}},{"start":{"line":30,"column":67},"end":{"line":30,"column":72}}],"line":30},"3":{"loc":{"start":{"line":35,"column":15},"end":{"line":40,"column":15}},"type":"cond-expr","locations":[{"start":{"line":36,"column":12},"end":{"line":39,"column":13}},{"start":{"line":40,"column":12},"end":{"line":40,"column":15}}],"line":35}},"s":{"0":2,"1":2,"2":2,"3":9,"4":1,"5":4,"6":3,"7":3,"8":3,"9":3,"10":6,"11":3,"12":6,"13":3,"14":1},"f":{"0":9,"1":3,"2":6,"3":6},"b":{"0":[1,4,3,1],"1":[3,2],"2":[3,3],"3":[3,3]},"_coverageSchema":"1a1c01bbd47fc00a2c39e90264f33305004495a9","hash":"8596863f78ca1145c81e54c0408033c37e1932c9"}
}
