TN:
SF:src/setupTests.js
FNF:0
FNH:0
LF:0
LH:0
BRF:0
BRH:0
end_of_record
TN:
SF:src/helpers/selectors.js
FN:1,getAppointmentsForDay
FN:2,(anonymous_1)
FN:6,(anonymous_2)
FN:9,getInterviewersForDay
FN:10,(anonymous_4)
FN:14,(anonymous_5)
FN:17,getInterview
FNF:7
FNH:7
FNDA:17,getAppointmentsForDay
FNDA:15,(anonymous_1)
FNDA:24,(anonymous_2)
FNDA:17,getInterviewersForDay
FNDA:15,(anonymous_4)
FNDA:22,(anonymous_5)
FNDA:18,getInterview
DA:2,17
DA:4,17
DA:6,24
DA:10,17
DA:12,17
DA:14,22
DA:18,18
LF:7
LH:7
BRDA:4,0,0,6
BRDA:4,0,1,11
BRDA:4,1,0,17
BRDA:4,1,1,12
BRDA:12,2,0,6
BRDA:12,2,1,11
BRDA:12,3,0,17
BRDA:12,3,1,12
BRDA:19,4,0,18
BRDA:19,4,1,9
BRF:10
BRH:10
end_of_record
TN:
SF:src/hooks/useApplicationData.js
FN:11,useApplicationData
FN:19,(anonymous_1)
FN:21,(anonymous_2)
FN:27,(anonymous_3)
FN:37,bookInterview
FN:38,(anonymous_5)
FN:47,cancelInterview
FN:48,(anonymous_7)
FNF:8
FNH:8
FNDA:13,useApplicationData
FNDA:1,(anonymous_1)
FNDA:4,(anonymous_2)
FNDA:4,(anonymous_3)
FNDA:2,bookInterview
FNDA:2,(anonymous_5)
FNDA:1,cancelInterview
FNDA:1,(anonymous_7)
DA:12,13
DA:19,12
DA:21,12
DA:22,4
DA:28,4
DA:38,2
DA:39,2
DA:48,1
DA:49,1
DA:57,12
LF:10
LH:10
BRF:0
BRH:0
end_of_record
TN:
SF:src/hooks/useRealtimeUpdate.js
FN:4,useRealtimeUpdate
FN:5,(anonymous_1)
FN:8,(anonymous_2)
FN:16,(anonymous_3)
FNF:4
FNH:0
FNDA:0,useRealtimeUpdate
FNDA:0,(anonymous_1)
FNDA:0,(anonymous_2)
FNDA:0,(anonymous_3)
DA:5,0
DA:6,0
DA:8,0
DA:9,0
DA:11,0
DA:12,0
DA:16,0
DA:17,0
LF:8
LH:0
BRDA:11,0,0,0
BRDA:11,0,1,0
BRDA:11,1,0,0
BRDA:11,1,1,0
BRF:4
BRH:0
end_of_record
TN:
SF:src/hooks/useVisualMode.js
FN:3,useVisualMode
FN:7,transition
FN:9,(anonymous_2)
FN:19,back
FN:20,(anonymous_4)
FNF:5
FNH:5
FNDA:40,useVisualMode
FNDA:11,transition
FNDA:11,(anonymous_2)
FNDA:2,back
FNDA:2,(anonymous_4)
DA:4,40
DA:5,40
DA:8,11
DA:9,11
DA:10,11
DA:11,2
DA:14,9
DA:20,2
DA:21,2
DA:22,1
DA:24,1
DA:28,40
LF:12
LH:12
BRDA:10,0,0,2
BRDA:10,0,1,9
BRDA:21,1,0,1
BRDA:21,1,1,1
BRF:4
BRH:4
end_of_record
TN:
SF:src/reducers/application.js
FN:5,reducer
FN:27,(anonymous_1)
FN:30,(anonymous_2)
FN:34,(anonymous_3)
FNF:4
FNH:4
FNDA:9,reducer
FNDA:3,(anonymous_1)
FNDA:6,(anonymous_2)
FNDA:6,(anonymous_3)
DA:1,2
DA:2,2
DA:3,2
DA:6,9
DA:8,1
DA:10,4
DA:17,3
DA:22,3
DA:27,3
DA:28,3
DA:30,6
DA:34,3
DA:35,6
DA:43,3
DA:50,1
LF:15
LH:15
BRDA:6,0,0,1
BRDA:6,0,1,4
BRDA:6,0,2,3
BRDA:6,0,3,1
BRDA:19,1,0,3
BRDA:19,1,1,2
BRDA:30,2,0,3
BRDA:30,2,1,3
BRDA:35,3,0,3
BRDA:35,3,1,3
BRF:10
BRH:10
end_of_record
